0 info it worked if it ends with ok
1 verbose cli [ 'E:\\node.js\\node.exe',
1 verbose cli   'C:\\Users\\lenovo\\AppData\\Roaming\\npm\\node_modules\\cnpm\\node_modules\\npm\\bin\\npm-cli.js',
1 verbose cli   'install',
1 verbose cli   'create-vuex@latest',
1 verbose cli   '--global',
1 verbose cli   '--prefix',
1 verbose cli   'C:\\Users\\lenovo\\Desktop\\shucai\\_npx\\6980',
1 verbose cli   '--loglevel',
1 verbose cli   'error',
1 verbose cli   '--json' ]
2 info using npm@6.9.0
3 info using node@v10.14.2
4 verbose npm-session cf19d6724feefca2
5 silly install loadCurrentTree
6 silly install readGlobalPackageData
7 http fetch GET 404 https://registry.npmjs.org/create-vuex 1186ms
8 http fetch GET 404 https://registry.npmjs.org/create-vuex 341ms
9 silly fetchPackageMetaData error for create-vuex@latest 404 Not Found - GET https://registry.npmjs.org/create-vuex - Not found
10 timing stage:rollbackFailedOptional Completed in 3ms
11 timing stage:runTopLevelLifecycles Completed in 1605ms
12 verbose stack Error: 404 Not Found - GET https://registry.npmjs.org/create-vuex - Not found
12 verbose stack     at res.buffer.catch.then.body (C:\Users\lenovo\AppData\Roaming\npm\node_modules\cnpm\node_modules\npm\node_modules\npm-registry-fetch\check-response.js:104:15)
12 verbose stack     at process._tickCallback (internal/process/next_tick.js:68:7)
13 verbose statusCode 404
14 verbose pkgid create-vuex@latest
15 verbose cwd C:\Users\lenovo\Desktop\shucai
16 verbose Windows_NT 10.0.17134
17 verbose argv "E:\\node.js\\node.exe" "C:\\Users\\lenovo\\AppData\\Roaming\\npm\\node_modules\\cnpm\\node_modules\\npm\\bin\\npm-cli.js" "install" "create-vuex@latest" "--global" "--prefix" "C:\\Users\\lenovo\\Desktop\\shucai\\_npx\\6980" "--loglevel" "error" "--json"
18 verbose node v10.14.2
19 verbose npm  v6.9.0
20 error code E404
21 error 404 Not Found - GET https://registry.npmjs.org/create-vuex - Not found
22 error 404
23 error 404 'create-vuex@latest' is not in the npm registry.
24 error 404 You should bug the author to publish it (or use the name yourself!)
25 error 404 Note that you can also install from a
26 error 404 tarball, folder, http url, or git url.
27 verbose exit [ 1, true ]
