0 info it worked if it ends with ok
1 verbose cli [ 'E:\\node.js\\node.exe',
1 verbose cli   'E:\\node.js\\node_modules\\npm\\bin\\npm-cli.js',
1 verbose cli   'install',
1 verbose cli   'create-axios@latest',
1 verbose cli   '--global',
1 verbose cli   '--prefix',
1 verbose cli   'C:\\Users\\lenovo\\Desktop\\shucai\\_npx\\20004',
1 verbose cli   '--loglevel',
1 verbose cli   'error',
1 verbose cli   '--json' ]
2 info using npm@6.4.1
3 info using node@v10.14.2
4 verbose npm-session af13be3dbccea6b1
5 silly install loadCurrentTree
6 silly install readGlobalPackageData
7 http fetch GET 404 https://registry.npmjs.org/create-axios 1168ms
8 silly fetchPackageMetaData error for create-axios@latest 404 Not Found: create-axios@latest
9 timing stage:rollbackFailedOptional Completed in 0ms
10 timing stage:runTopLevelLifecycles Completed in 2287ms
11 verbose stack Error: 404 Not Found: create-axios@latest
11 verbose stack     at fetch.then.res (E:\node.js\node_modules\npm\node_modules\pacote\lib\fetchers\registry\fetch.js:42:19)
11 verbose stack     at tryCatcher (E:\node.js\node_modules\npm\node_modules\bluebird\js\release\util.js:16:23)
11 verbose stack     at Promise._settlePromiseFromHandler (E:\node.js\node_modules\npm\node_modules\bluebird\js\release\promise.js:512:31)
11 verbose stack     at Promise._settlePromise (E:\node.js\node_modules\npm\node_modules\bluebird\js\release\promise.js:569:18)
11 verbose stack     at Promise._settlePromise0 (E:\node.js\node_modules\npm\node_modules\bluebird\js\release\promise.js:614:10)
11 verbose stack     at Promise._settlePromises (E:\node.js\node_modules\npm\node_modules\bluebird\js\release\promise.js:693:18)
11 verbose stack     at Async._drainQueue (E:\node.js\node_modules\npm\node_modules\bluebird\js\release\async.js:133:16)
11 verbose stack     at Async._drainQueues (E:\node.js\node_modules\npm\node_modules\bluebird\js\release\async.js:143:10)
11 verbose stack     at Immediate.Async.drainQueues [as _onImmediate] (E:\node.js\node_modules\npm\node_modules\bluebird\js\release\async.js:17:14)
11 verbose stack     at runCallback (timers.js:705:18)
11 verbose stack     at tryOnImmediate (timers.js:676:5)
11 verbose stack     at processImmediate (timers.js:658:5)
12 verbose cwd C:\Users\lenovo\Desktop\shucai
13 verbose Windows_NT 10.0.17134
14 verbose argv "E:\\node.js\\node.exe" "E:\\node.js\\node_modules\\npm\\bin\\npm-cli.js" "install" "create-axios@latest" "--global" "--prefix" "C:\\Users\\lenovo\\Desktop\\shucai\\_npx\\20004" "--loglevel" "error" "--json"
15 verbose node v10.14.2
16 verbose npm  v6.4.1
17 error code E404
18 error 404 Not Found: create-axios@latest
19 verbose exit [ 1, true ]
